2013-09-02 13:00:39,359 (40728) INFO: 12 frames were drawn.
Mean IFI was 16.08 msec (62.19 fps), longest IFI was 16.81 msec.
histogram:
     9                                              *                     
     8                                              *                     
     7                                              *                     
     6                                              *                     
     5                                              *                     
     4                                              *                     
     3                                              *                     
     2                                              *                     
     1                                              *                     
     0                          *                   *                     
 Time:    0    2    4    6    8   10   12   14   16   18   20   22   24 +(msec)
Total:      0    0    0    0    1    0    0    0    10   0    0    0    0  

2013-09-02 13:00:50,833 (40745) INFO: Script ./exp_full.py started Vision Egg 1.2.1 with process id 40745.
2013-09-02 13:00:51,229 (40745) INFO: Requesting fullscreen 1024 x 768 32 bpp (8 8 8 0 RGBA).
2013-09-02 13:00:52,464 (40745) INFO: OpenGL 2.1 NVIDIA-1.6.36, NVIDIA GeForce 9600M GT OpenGL Engine, NVIDIA Corporation (PyOpenGL 3.0.1)
2013-09-02 13:00:52,464 (40745) INFO: Video system reports 32 bpp (8 8 8 8 RGBA).
2013-09-02 13:01:41,302 (40745) WARNING: Calculated frames per second was 59.088, while the VISIONEGG_MONITOR_REFRESH_HZ variable is 60.0.
2013-09-02 13:01:41,302 (40745) WARNING: One or more frames took 213.4 msec, which is signficantly longer than the expected inter frame interval of 16.7 msec for your frame rate (60.0 Hz).
2013-09-02 13:01:41,303 (40745) INFO: 2816 frames were drawn.
Mean IFI was 16.92 msec (59.09 fps), longest IFI was 213.37 msec.
histogram:
  2510                                              *                     
  2231                                              *                     
  1952                                              *                     
  1673                                              *                     
  1395                                              *                     
  1116                                              *                     
   837                                              *                     
   558                                              *                     
   279                                              *                     
     0      *         *              *    *    *    *    *    *    *    * 
 Time:    0    2    4    6    8   10   12   14   16   18   20   22   24 +(msec)
Total:      1    0    1    0    0    3    2    8   +++   2    2    1    6  

2013-09-02 13:01:54,061 (40778) INFO: Script ./exp_full.py started Vision Egg 1.2.1 with process id 40778.
2013-09-02 13:01:54,455 (40778) INFO: Requesting fullscreen 1024 x 768 32 bpp (8 8 8 0 RGBA).
2013-09-02 13:01:55,672 (40778) INFO: OpenGL 2.1 NVIDIA-1.6.36, NVIDIA GeForce 9600M GT OpenGL Engine, NVIDIA Corporation (PyOpenGL 3.0.1)
2013-09-02 13:01:55,672 (40778) INFO: Video system reports 32 bpp (8 8 8 8 RGBA).
2013-09-02 13:02:51,081 (40778) WARNING: Calculated frames per second was 59.205, while the VISIONEGG_MONITOR_REFRESH_HZ variable is 60.0.
2013-09-02 13:02:51,081 (40778) WARNING: One or more frames took 207.9 msec, which is signficantly longer than the expected inter frame interval of 16.7 msec for your frame rate (60.0 Hz).
2013-09-02 13:02:51,081 (40778) INFO: 3217 frames were drawn.
Mean IFI was 16.89 msec (59.20 fps), longest IFI was 207.87 msec.
histogram:
  2879                                              *                     
  2559                                              *                     
  2239                                              *                     
  1919                                              *                     
  1600                                              *                     
  1280                                              *                     
   960                                              *                     
   640                                              *                     
   320                                              *                     
     0           *              *    *    *    *    *    *    *    *    * 
 Time:    0    2    4    6    8   10   12   14   16   18   20   22   24 +(msec)
Total:      0    1    0    0    2    1    2    4   +++   2    1    1    3  

2013-09-03 11:54:08,810 (455) INFO: Script ./exp_full.py started Vision Egg 1.2.1 with process id 455.
2013-09-03 11:54:10,195 (455) INFO: Requesting fullscreen 1024 x 768 32 bpp (8 8 8 0 RGBA).
2013-09-03 11:54:11,851 (455) INFO: OpenGL 1.4 APPLE-1.6.36, Intel GMA 950 OpenGL Engine, Intel Inc. (PyOpenGL 3.0.2)
2013-09-03 11:54:11,851 (455) INFO: Video system reports 32 bpp (8 8 8 8 RGBA).
2013-09-03 11:54:16,616 (455) WARNING: Calculated frames per second was 41.334, while the VISIONEGG_MONITOR_REFRESH_HZ variable is 60.0.
2013-09-03 11:54:16,617 (455) WARNING: One or more frames took 403.0 msec, which is signficantly longer than the expected inter frame interval of 16.7 msec for your frame rate (60.0 Hz).
2013-09-03 11:54:16,618 (455) INFO: 165 frames were drawn.
Mean IFI was 24.19 msec (41.33 fps), longest IFI was 402.96 msec.
histogram:
   104                                                                  * 
    93                                                                  * 
    81                                                                  * 
    70                                                                  * 
    58                                                                  * 
    46                                                                  * 
    35                                    *                             * 
    23                                    *                             * 
    12                                    *                             * 
     0                          *         *                             * 
 Time:    0    2    4    6    8   10   12   14   16   18   20   22   24 +(msec)
Total:      0    0    0    0    2    0    46   0    0    0    0    0   116 

2013-09-03 11:57:37,189 (460) INFO: Script ./exp_full.py started Vision Egg 1.2.1 with process id 460.
2013-09-03 11:57:37,812 (460) INFO: Requesting fullscreen 1024 x 768 32 bpp (8 8 8 0 RGBA).
2013-09-03 11:57:39,020 (460) INFO: OpenGL 1.4 APPLE-1.6.36, Intel GMA 950 OpenGL Engine, Intel Inc. (PyOpenGL 3.0.2)
2013-09-03 11:57:39,020 (460) INFO: Video system reports 32 bpp (8 8 8 8 RGBA).
2013-09-03 13:58:35,399 (460) WARNING: Calculated frames per second was 65.211, while the VISIONEGG_MONITOR_REFRESH_HZ variable is 60.0.
2013-09-03 13:58:35,400 (460) WARNING: One or more frames took 453.8 msec, which is signficantly longer than the expected inter frame interval of 16.7 msec for your frame rate (60.0 Hz).
2013-09-03 13:58:35,401 (460) INFO: 469503 frames were drawn.
Mean IFI was 15.33 msec (65.21 fps), longest IFI was 453.78 msec.
histogram:
353177                                    *                               
313935                                    *                               
274693                                    *                               
235451                                    *                               
196210                                    *                               
156968                                    *                               
117726                                    *                               
 78484                                    *                               
 39242                                    *                             * 
     0           *         *    *    *    *                        *    * 
 Time:    0    2    4    6    8   10   12   14   16   18   20   22   24 +(msec)
Total:      0    13   0    1    2    10  +++   0    0    0    0   327  +++ 

2013-09-16 15:55:05,858 (4950) INFO: Script ./exp_full.py started Vision Egg 1.2.1 with process id 4950.
2013-09-16 15:55:09,619 (4950) INFO: Requesting fullscreen 1024 x 768 32 bpp (8 8 8 0 RGBA).
2013-09-16 15:55:11,315 (4950) INFO: OpenGL 2.1 NVIDIA-1.6.36, NVIDIA GeForce 9600M GT OpenGL Engine, NVIDIA Corporation (PyOpenGL 3.0.1)
2013-09-16 15:55:11,316 (4950) INFO: Video system reports 32 bpp (8 8 8 8 RGBA).
2013-09-16 15:57:21,028 (4950) WARNING: Calculated frames per second was 59.374, while the VISIONEGG_MONITOR_REFRESH_HZ variable is 60.0.
2013-09-16 15:57:21,028 (4950) WARNING: One or more frames took 190.5 msec, which is signficantly longer than the expected inter frame interval of 16.7 msec for your frame rate (60.0 Hz).
2013-09-16 15:57:21,029 (4950) INFO: 7664 frames were drawn.
Mean IFI was 16.84 msec (59.37 fps), longest IFI was 190.50 msec.
histogram:
  6858                                              *                     
  6096                                              *                     
  5334                                              *                     
  4572                                              *                     
  3810                                              *                     
  3048                                              *                     
  2286                                              *                     
  1524                                              *                     
   762                                              *                     
     0                *              *    *    *    *    *    *         * 
 Time:    0    2    4    6    8   10   12   14   16   18   20   22   24 +(msec)
Total:      0    0    1    0    0    2    10   18  +++   2    1    0    9  

2013-09-16 16:22:00,156 (5923) INFO: Script ./exp_full.py started Vision Egg 1.2.1 with process id 5923.
2013-09-16 16:22:00,797 (5923) INFO: Requesting fullscreen 1024 x 768 32 bpp (8 8 8 0 RGBA).
2013-09-16 16:22:01,944 (5923) INFO: OpenGL 2.1 NVIDIA-1.6.36, NVIDIA GeForce 9600M GT OpenGL Engine, NVIDIA Corporation (PyOpenGL 3.0.1)
2013-09-16 16:22:01,944 (5923) INFO: Video system reports 32 bpp (8 8 8 8 RGBA).
2013-09-16 16:22:29,449 (5923) CRITICAL: Traceback (most recent call last):
  File "./exp_full.py", line 434, in <module>
    p.go()
  File "/Library/Python/2.6/site-packages/visionegg-1.2.1-py2.6-macosx-10.6-universal.egg/VisionEgg/FlowControl.py", line 391, in go
    doing_transition=0)
  File "/Library/Python/2.6/site-packages/visionegg-1.2.1-py2.6-macosx-10.6-universal.egg/VisionEgg/FlowControl.py", line 275, in __call_controllers
    result = controller.during_go_eval()
  File "/Library/Python/2.6/site-packages/visionegg-1.2.1-py2.6-macosx-10.6-universal.egg/VisionEgg/FlowControl.py", line 1247, in during_go_eval
    return self.during_go_func(**call_args)
  File "./exp_full.py", line 268, in getState
    logfile.write("{0},{1},{2},{3},{4},{5},{7}\n".format(trialnum,cohLevel,randomFix,dirx,keyPressed,rt,correct))
IndexError: tuple index out of range

2013-09-16 16:22:44,836 (5949) INFO: Script ./exp_full.py started Vision Egg 1.2.1 with process id 5949.
2013-09-16 16:22:45,227 (5949) INFO: Requesting fullscreen 1024 x 768 32 bpp (8 8 8 0 RGBA).
2013-09-16 16:22:46,243 (5949) INFO: OpenGL 2.1 NVIDIA-1.6.36, NVIDIA GeForce 9600M GT OpenGL Engine, NVIDIA Corporation (PyOpenGL 3.0.1)
2013-09-16 16:22:46,243 (5949) INFO: Video system reports 32 bpp (8 8 8 8 RGBA).
2013-09-16 16:25:45,245 (5949) WARNING: One or more frames took 218.5 msec, which is signficantly longer than the expected inter frame interval of 16.7 msec for your frame rate (60.0 Hz).
2013-09-16 16:25:45,245 (5949) INFO: 10601 frames were drawn.
Mean IFI was 16.81 msec (59.48 fps), longest IFI was 218.49 msec.
histogram:
  9518                                              *                     
  8461                                              *                     
  7403                                              *                     
  6346                                              *                     
  5288                                              *                     
  4230                                              *                     
  3173                                              *                     
  2115                                              *                     
  1058                                              *                     
     0           *                        *    *    *    *    *    *    * 
 Time:    0    2    4    6    8   10   12   14   16   18   20   22   24 +(msec)
Total:      0    2    0    0    0    0    2    10  +++   1    1    2    6  

2013-09-16 16:32:52,180 (6298) INFO: Script ./exp_full.py started Vision Egg 1.2.1 with process id 6298.
2013-09-16 16:32:52,814 (6298) INFO: Requesting fullscreen 1024 x 768 32 bpp (8 8 8 0 RGBA).
2013-09-16 16:32:53,893 (6298) INFO: OpenGL 2.1 NVIDIA-1.6.36, NVIDIA GeForce 9600M GT OpenGL Engine, NVIDIA Corporation (PyOpenGL 3.0.1)
2013-09-16 16:32:53,894 (6298) INFO: Video system reports 32 bpp (8 8 8 8 RGBA).
2013-09-16 16:35:20,268 (6298) WARNING: One or more frames took 189.9 msec, which is signficantly longer than the expected inter frame interval of 16.7 msec for your frame rate (60.0 Hz).
2013-09-16 16:35:20,269 (6298) INFO: 8675 frames were drawn.
Mean IFI was 16.82 msec (59.47 fps), longest IFI was 189.87 msec.
histogram:
  7781                                              *                     
  6917                                              *                     
  6052                                              *                     
  5188                                              *                     
  4323                                              *                     
  3458                                              *                     
  2594                                              *                     
  1729                                              *                     
   865                                              *                     
     0           *    *              *         *    *    *    *    *    * 
 Time:    0    2    4    6    8   10   12   14   16   18   20   22   24 +(msec)
Total:      0    1    3    0    0    1    0    12  +++   4    1    1    5  

